<SessionReport version="2" startTime="0" startTimestamp="Oct 02, 2024 11:22:44.505" key="/library/metadata/1" session="887xwo0qmhnluti1saovh5lr" transcode="a5vnkxb5kymi6ojgj0bxfg1c">
<User id="1" thumb="https://plex.tv/users/69c97b788ac90d09/avatar?c=1727861423" title="sivalives" />
<Player address="10.0.0.14" device="Linux" machineIdentifier="cnet22xemi869rgmhwdqcx4h" model="bundled" platform="Chrome" platformVersion="128.0" product="Plex Web" title="Chrome" version="4.136.1" local="1" relayed="0" secure="1" userID="1" />
<Variants>
<Variant id="29d6676f-8667-4627-8c86-9bc9ef688904" targetBitrate="2716" context="streaming" sourceVideoCodec="h264" sourceAudioCodec="eac3" videoDecision="copy" audioDecision="transcode" protocol="dash" container="mp4" videoCodec="h264" audioCodec="aac" audioChannels="2" transcodeHwRequested="0" transcodeHwFullPipeline="0">
<Media id="1" videoProfile="main" audioChannels="2" audioCodec="aac" bitrate="1421" container="mp4" duration="7263360" height="720" optimizedForStreaming="1" protocol="dash" videoCodec="h264" videoFrameRate="PAL" videoResolution="720p" width="1280" selected="1">
<Part id="1" videoProfile="main" bitrate="1421" container="mp4" duration="7263360" height="720" optimizedForStreaming="1" protocol="dash" width="1280" decision="transcode" selected="1">
<Stream bitDepth="8" bitrate="1165" chromaLocation="left" chromaSubsampling="4:2:0" codec="h264" codedHeight="720" codedWidth="1280" colorPrimaries="bt709" colorRange="tv" colorSpace="bt709" colorTrc="bt709" default="1" displayTitle="720p (H.264)" extendedDisplayTitle="www.1TamilMV.tf (720p H.264)" frameRate="25" hasScalingMatrix="0" height="720" id="1" level="41" profile="main" refFrames="4" scanType="progressive" streamType="1" title="www.1TamilMV.tf" width="1280" decision="copy" location="segments-video" />
<Stream bitrate="256" bitrateMode="cbr" channels="2" codec="aac" default="1" displayTitle="&#3374;&#3378;&#3375;&#3390;&#3379;&#3330; (EAC3 5.1)" extendedDisplayTitle="www.1TamilMV.tf - [DD+5.1 - 192Kbps] (&#3374;&#3378;&#3375;&#3390;&#3379;&#3330; EAC3)" forced="1" id="2" language="&#3374;&#3378;&#3375;&#3390;&#3379;&#3330;" languageCode="mal" languageTag="ml" selected="1" streamType="2" decision="transcode" location="segments-audio" />
</Part>
</Media>
</Variant>
<Variant id="2229f9f0-3fe9-4d16-94e5-dd524097978a" targetBitrate="2716" context="streaming" sourceVideoCodec="h264" sourceAudioCodec="eac3" videoDecision="copy" audioDecision="transcode" protocol="dash" container="mp4" videoCodec="h264" audioCodec="aac" audioChannels="2" width="1280" height="720" transcodeHwRequested="0" transcodeHwFullPipeline="0">
<Media id="1" videoProfile="main" audioChannels="2" audioCodec="aac" bitrate="1421" container="mp4" duration="7263360" height="720" optimizedForStreaming="1" protocol="dash" videoCodec="h264" videoFrameRate="PAL" videoResolution="720p" width="1280" selected="1">
<Part id="1" videoProfile="main" bitrate="1421" container="mp4" duration="7263360" height="720" optimizedForStreaming="1" protocol="dash" width="1280" decision="transcode" selected="1">
<Stream bitDepth="8" bitrate="1165" chromaLocation="left" chromaSubsampling="4:2:0" codec="h264" codedHeight="720" codedWidth="1280" colorPrimaries="bt709" colorRange="tv" colorSpace="bt709" colorTrc="bt709" default="1" displayTitle="720p (H.264)" extendedDisplayTitle="www.1TamilMV.tf (720p H.264)" frameRate="25" hasScalingMatrix="0" height="720" id="1" level="41" profile="main" refFrames="4" scanType="progressive" streamType="1" title="www.1TamilMV.tf" width="1280" decision="copy" location="segments-video" />
<Stream bitrate="256" bitrateMode="cbr" channels="2" codec="aac" default="1" displayTitle="&#3374;&#3378;&#3375;&#3390;&#3379;&#3330; (EAC3 5.1)" extendedDisplayTitle="www.1TamilMV.tf - [DD+5.1 - 192Kbps] (&#3374;&#3378;&#3375;&#3390;&#3379;&#3330; EAC3)" forced="1" id="2" language="&#3374;&#3378;&#3375;&#3390;&#3379;&#3330;" languageCode="mal" languageTag="ml" selected="1" streamType="2" decision="transcode" location="segments-audio" />
</Part>
</Media>
</Variant>
<Variant id="f89a9913-e26a-42c4-adb6-639820b0aeed" targetBitrate="2716" context="streaming" sourceVideoCodec="h264" sourceAudioCodec="eac3" videoDecision="copy" audioDecision="transcode" protocol="dash" container="mp4" videoCodec="h264" audioCodec="aac" audioChannels="2" width="1280" height="720" transcodeHwRequested="0" transcodeHwFullPipeline="0">
<Media id="1" videoProfile="main" audioChannels="2" audioCodec="aac" bitrate="1421" container="mp4" duration="7263360" height="720" optimizedForStreaming="1" protocol="dash" videoCodec="h264" videoFrameRate="PAL" videoResolution="720p" width="1280" selected="1">
<Part id="1" videoProfile="main" bitrate="1421" container="mp4" duration="7263360" height="720" optimizedForStreaming="1" protocol="dash" width="1280" decision="transcode" selected="1">
<Stream bitDepth="8" bitrate="1165" chromaLocation="left" chromaSubsampling="4:2:0" codec="h264" codedHeight="720" codedWidth="1280" colorPrimaries="bt709" colorRange="tv" colorSpace="bt709" colorTrc="bt709" default="1" displayTitle="720p (H.264)" extendedDisplayTitle="www.1TamilMV.tf (720p H.264)" frameRate="25" hasScalingMatrix="0" height="720" id="1" level="41" profile="main" refFrames="4" scanType="progressive" streamType="1" title="www.1TamilMV.tf" width="1280" decision="copy" location="segments-video" />
<Stream bitrate="256" bitrateMode="cbr" channels="2" codec="aac" default="1" displayTitle="&#3374;&#3378;&#3375;&#3390;&#3379;&#3330; (EAC3 5.1)" extendedDisplayTitle="www.1TamilMV.tf - [DD+5.1 - 192Kbps] (&#3374;&#3378;&#3375;&#3390;&#3379;&#3330; EAC3)" forced="1" id="2" language="&#3374;&#3378;&#3375;&#3390;&#3379;&#3330;" languageCode="mal" languageTag="ml" selected="1" streamType="2" decision="transcode" location="segments-audio" />
</Part>
</Media>
</Variant>
</Variants>
<SegmentList>
<Segment duration="6000" startOffset="0" endOffset="6000">
<File name="chunk-stream0-00001.m4s" type="video">
<FileVariant size="218611" variant="29d6676f-8667-4627-8c86-9bc9ef688904" />
</File>
<File name="chunk-stream1-00001.m4s" type="audio">
<FileVariant size="29147" variant="29d6676f-8667-4627-8c86-9bc9ef688904" />
</File>
<Timelines>
<Transcode startTime="422" endTime="2369" complete="1" fileType="video" variant="29d6676f-8667-4627-8c86-9bc9ef688904" />
<Transcode startTime="422" endTime="2369" complete="1" fileType="audio" variant="29d6676f-8667-4627-8c86-9bc9ef688904" />
</Timelines>
</Segment>
<Segment duration="6000" startOffset="244000" endOffset="250000">
<File name="chunk-stream0-00050.m4s" type="video">
<FileVariant size="1768363" variant="2229f9f0-3fe9-4d16-94e5-dd524097978a" />
</File>
<File name="chunk-stream1-00050.m4s" type="audio">
<FileVariant size="190057" variant="2229f9f0-3fe9-4d16-94e5-dd524097978a" />
</File>
<Timelines>
<Download startTime="2447" endTime="5590" complete="1" fileType="audio" variant="29d6676f-8667-4627-8c86-9bc9ef688904">
<Pause type="segmentWait" startTime="2447" endTime="5566" />
</Download>
<Download startTime="2448" endTime="5862" complete="1" fileType="video" variant="29d6676f-8667-4627-8c86-9bc9ef688904">
<Pause type="segmentWait" startTime="2448" endTime="5652" />
</Download>
<Transcode startTime="3761" endTime="5564" complete="1" fileType="video" variant="2229f9f0-3fe9-4d16-94e5-dd524097978a" />
<Transcode startTime="3761" endTime="5564" complete="1" fileType="audio" variant="2229f9f0-3fe9-4d16-94e5-dd524097978a" />
</Timelines>
</Segment>
<Segment duration="4000" startOffset="6000" endOffset="10000">
<File name="chunk-stream0-00002.m4s" type="video">
<FileVariant size="157746" variant="29d6676f-8667-4627-8c86-9bc9ef688904" />
</File>
<File name="chunk-stream1-00002.m4s" type="audio">
<FileVariant size="27306" variant="29d6676f-8667-4627-8c86-9bc9ef688904" />
</File>
<Timelines>
<Transcode startTime="2369" endTime="3675" complete="1" fileType="video" variant="29d6676f-8667-4627-8c86-9bc9ef688904" />
<Transcode startTime="2369" endTime="3675" complete="1" fileType="audio" variant="29d6676f-8667-4627-8c86-9bc9ef688904" />
</Timelines>
</Segment>
<Segment duration="4000" startOffset="250000" endOffset="254000">
<File name="chunk-stream0-00051.m4s" type="video">
<FileVariant size="1239027" variant="2229f9f0-3fe9-4d16-94e5-dd524097978a" />
</File>
<File name="chunk-stream1-00051.m4s" type="audio">
<FileVariant size="122295" variant="2229f9f0-3fe9-4d16-94e5-dd524097978a" />
</File>
<Timelines>
<Download startTime="5633" endTime="6550" complete="1" fileType="audio" variant="2229f9f0-3fe9-4d16-94e5-dd524097978a">
<Pause type="segmentWait" startTime="5633" endTime="6538" />
</Download>
<Download startTime="6063" endTime="6553" complete="1" fileType="video" variant="2229f9f0-3fe9-4d16-94e5-dd524097978a">
<Pause type="segmentWait" startTime="6063" endTime="6466" />
</Download>
<Transcode startTime="5564" endTime="6446" complete="1" fileType="video" variant="2229f9f0-3fe9-4d16-94e5-dd524097978a" />
<Transcode startTime="5564" endTime="6446" complete="1" fileType="audio" variant="2229f9f0-3fe9-4d16-94e5-dd524097978a" />
</Timelines>
</Segment>
<Segment duration="6000" startOffset="254000" endOffset="260000">
<File name="chunk-stream0-00052.m4s" type="video">
<FileVariant size="1578506" variant="2229f9f0-3fe9-4d16-94e5-dd524097978a" />
</File>
<File name="chunk-stream1-00052.m4s" type="audio">
<FileVariant size="191853" variant="2229f9f0-3fe9-4d16-94e5-dd524097978a" />
</File>
<Timelines>
<Download startTime="6688" endTime="8012" complete="1" fileType="audio" variant="2229f9f0-3fe9-4d16-94e5-dd524097978a">
<Pause type="segmentWait" startTime="6688" endTime="7992" />
</Download>
<Download startTime="6754" endTime="8171" complete="1" fileType="video" variant="2229f9f0-3fe9-4d16-94e5-dd524097978a">
<Pause type="segmentWait" startTime="6754" endTime="7966" />
</Download>
<Transcode startTime="6446" endTime="7944" complete="1" fileType="video" variant="2229f9f0-3fe9-4d16-94e5-dd524097978a" />
<Transcode startTime="6446" endTime="7944" complete="1" fileType="audio" variant="2229f9f0-3fe9-4d16-94e5-dd524097978a" />
</Timelines>
</Segment>
<Segment duration="4000" startOffset="260000" endOffset="264000">
<File name="chunk-stream0-00053.m4s" type="video">
<FileVariant size="958990" variant="2229f9f0-3fe9-4d16-94e5-dd524097978a" />
</File>
<File name="chunk-stream1-00053.m4s" type="audio">
<FileVariant size="128614" variant="2229f9f0-3fe9-4d16-94e5-dd524097978a" />
</File>
<Timelines>
<Download startTime="8134" endTime="9047" complete="1" fileType="audio" variant="2229f9f0-3fe9-4d16-94e5-dd524097978a">
<Pause type="segmentWait" startTime="8134" endTime="9035" />
</Download>
<Download startTime="8329" endTime="9101" complete="1" fileType="video" variant="2229f9f0-3fe9-4d16-94e5-dd524097978a">
<Pause type="segmentWait" startTime="8329" endTime="9039" />
</Download>
<Transcode startTime="7944" endTime="8951" complete="1" fileType="video" variant="2229f9f0-3fe9-4d16-94e5-dd524097978a" />
<Transcode startTime="7944" endTime="8951" complete="1" fileType="audio" variant="2229f9f0-3fe9-4d16-94e5-dd524097978a" />
</Timelines>
</Segment>
<Segment duration="6000" startOffset="264000" endOffset="270000">
<File name="chunk-stream0-00054.m4s" type="video">
<FileVariant size="1522214" variant="2229f9f0-3fe9-4d16-94e5-dd524097978a" />
</File>
<File name="chunk-stream1-00054.m4s" type="audio">
<FileVariant size="195847" variant="2229f9f0-3fe9-4d16-94e5-dd524097978a" />
</File>
<Timelines>
<Download startTime="9124" endTime="10445" complete="1" fileType="audio" variant="2229f9f0-3fe9-4d16-94e5-dd524097978a">
<Pause type="segmentWait" startTime="9124" endTime="10426" />
</Download>
<Download startTime="9268" endTime="10489" complete="1" fileType="video" variant="2229f9f0-3fe9-4d16-94e5-dd524097978a">
<Pause type="segmentWait" startTime="9268" endTime="10370" />
</Download>
<Transcode startTime="8951" endTime="10349" complete="1" fileType="video" variant="2229f9f0-3fe9-4d16-94e5-dd524097978a" />
<Transcode startTime="8951" endTime="10349" complete="1" fileType="audio" variant="2229f9f0-3fe9-4d16-94e5-dd524097978a" />
</Timelines>
</Segment>
<Segment duration="4000" startOffset="270000" endOffset="274000">
<File name="chunk-stream0-00055.m4s" type="video">
<FileVariant size="376350" variant="2229f9f0-3fe9-4d16-94e5-dd524097978a" />
</File>
<File name="chunk-stream1-00055.m4s" type="audio">
<FileVariant size="127805" variant="2229f9f0-3fe9-4d16-94e5-dd524097978a" />
</File>
<Timelines>
<Download startTime="10645" endTime="11254" complete="1" fileType="audio" variant="2229f9f0-3fe9-4d16-94e5-dd524097978a">
<Pause type="segmentWait" startTime="10645" endTime="11246" />
</Download>
<Download startTime="10756" endTime="11289" complete="1" fileType="video" variant="2229f9f0-3fe9-4d16-94e5-dd524097978a">
<Pause type="segmentWait" startTime="10756" endTime="11262" />
</Download>
<Transcode startTime="10349" endTime="11219" complete="1" fileType="video" variant="2229f9f0-3fe9-4d16-94e5-dd524097978a" />
<Transcode startTime="10349" endTime="11219" complete="1" fileType="audio" variant="2229f9f0-3fe9-4d16-94e5-dd524097978a" />
</Timelines>
</Segment>
<Segment duration="6000" startOffset="274000" endOffset="280000">
<File name="chunk-stream0-00056.m4s" type="video">
<FileVariant size="896193" variant="2229f9f0-3fe9-4d16-94e5-dd524097978a" />
</File>
<File name="chunk-stream1-00056.m4s" type="audio">
<FileVariant size="190340" variant="2229f9f0-3fe9-4d16-94e5-dd524097978a" />
</File>
<Timelines>
<Download startTime="11321" endTime="12538" complete="1" fileType="audio" variant="2229f9f0-3fe9-4d16-94e5-dd524097978a">
<Pause type="segmentWait" startTime="11321" endTime="12522" />
</Download>
<Download startTime="11362" endTime="12623" complete="1" fileType="video" variant="2229f9f0-3fe9-4d16-94e5-dd524097978a">
<Pause type="segmentWait" startTime="11362" endTime="12564" />
</Download>
<Transcode startTime="11219" endTime="12471" complete="1" fileType="video" variant="2229f9f0-3fe9-4d16-94e5-dd524097978a" />
<Transcode startTime="11219" endTime="12471" complete="1" fileType="audio" variant="2229f9f0-3fe9-4d16-94e5-dd524097978a" />
</Timelines>
</Segment>
<Segment duration="4000" startOffset="280000" endOffset="284000">
<File name="chunk-stream0-00057.m4s" type="video">
<FileVariant size="747752" variant="2229f9f0-3fe9-4d16-94e5-dd524097978a" />
</File>
<File name="chunk-stream1-00057.m4s" type="audio">
<FileVariant size="129382" variant="2229f9f0-3fe9-4d16-94e5-dd524097978a" />
</File>
<Timelines>
<Download startTime="12603" endTime="13415" complete="1" fileType="audio" variant="2229f9f0-3fe9-4d16-94e5-dd524097978a">
<Pause type="segmentWait" startTime="12603" endTime="13406" />
</Download>
<Download startTime="12771" endTime="13427" complete="1" fileType="video" variant="2229f9f0-3fe9-4d16-94e5-dd524097978a">
<Pause type="segmentWait" startTime="12771" endTime="13372" />
</Download>
<Transcode startTime="12471" endTime="13328" complete="1" fileType="video" variant="2229f9f0-3fe9-4d16-94e5-dd524097978a" />
<Transcode startTime="12471" endTime="13328" complete="1" fileType="audio" variant="2229f9f0-3fe9-4d16-94e5-dd524097978a" />
</Timelines>
</Segment>
<Segment duration="6000" startOffset="284000" endOffset="290000">
<File name="chunk-stream0-00058.m4s" type="video">
<FileVariant size="1013280" variant="2229f9f0-3fe9-4d16-94e5-dd524097978a" />
</File>
<File name="chunk-stream1-00058.m4s" type="audio">
<FileVariant size="183322" variant="2229f9f0-3fe9-4d16-94e5-dd524097978a" />
</File>
<Timelines>
<Download startTime="13553" endTime="14570" complete="1" fileType="audio" variant="2229f9f0-3fe9-4d16-94e5-dd524097978a">
<Pause type="segmentWait" startTime="13553" endTime="14555" />
</Download>
<Download startTime="13570" endTime="14641" complete="1" fileType="video" variant="2229f9f0-3fe9-4d16-94e5-dd524097978a">
<Pause type="segmentWait" startTime="13570" endTime="14574" />
</Download>
<Transcode startTime="13328" endTime="14544" complete="1" fileType="video" variant="2229f9f0-3fe9-4d16-94e5-dd524097978a" />
<Transcode startTime="13328" endTime="14545" complete="1" fileType="audio" variant="2229f9f0-3fe9-4d16-94e5-dd524097978a" />
</Timelines>
</Segment>
<Segment duration="0" startOffset="-1" endOffset="-1">
<Timelines>
<Download startTime="14631" fileType="audio" variant="2229f9f0-3fe9-4d16-94e5-dd524097978a" />
<Download startTime="14804" fileType="video" variant="2229f9f0-3fe9-4d16-94e5-dd524097978a" />
</Timelines>
</Segment>
<Segment duration="6000" startOffset="4268000" endOffset="4274000">
<File name="chunk-stream0-00855.m4s" type="video">
<FileVariant size="490511" variant="f89a9913-e26a-42c4-adb6-639820b0aeed" />
</File>
<File name="chunk-stream1-00855.m4s" type="audio">
<FileVariant size="181149" variant="f89a9913-e26a-42c4-adb6-639820b0aeed" />
</File>
<Timelines>
<Download startTime="15104" endTime="17647" complete="1" fileType="audio" variant="2229f9f0-3fe9-4d16-94e5-dd524097978a">
<Pause type="segmentWait" startTime="15104" endTime="17607" />
</Download>
<Download startTime="15120" endTime="17739" complete="1" fileType="video" variant="f89a9913-e26a-42c4-adb6-639820b0aeed">
<Pause type="segmentWait" startTime="15120" endTime="17646" />
</Download>
<Transcode startTime="15118" endTime="17568" complete="1" fileType="video" variant="f89a9913-e26a-42c4-adb6-639820b0aeed" />
<Transcode startTime="15118" endTime="17568" complete="1" fileType="audio" variant="f89a9913-e26a-42c4-adb6-639820b0aeed" />
</Timelines>
</Segment>
<Segment duration="4000" startOffset="4274000" endOffset="4278000">
<File name="chunk-stream0-00856.m4s" type="video">
<FileVariant size="438554" variant="f89a9913-e26a-42c4-adb6-639820b0aeed" />
</File>
<File name="chunk-stream1-00856.m4s" type="audio">
<FileVariant size="124126" variant="f89a9913-e26a-42c4-adb6-639820b0aeed" />
</File>
<Timelines>
<Download startTime="17705" endTime="19116" complete="1" fileType="audio" variant="f89a9913-e26a-42c4-adb6-639820b0aeed">
<Pause type="segmentWait" startTime="17705" endTime="19108" />
</Download>
<Download startTime="17805" endTime="19159" complete="1" fileType="video" variant="f89a9913-e26a-42c4-adb6-639820b0aeed">
<Pause type="segmentWait" startTime="17805" endTime="19107" />
</Download>
<Transcode startTime="17568" endTime="19018" complete="1" fileType="video" variant="f89a9913-e26a-42c4-adb6-639820b0aeed" />
<Transcode startTime="17568" endTime="19018" complete="1" fileType="audio" variant="f89a9913-e26a-42c4-adb6-639820b0aeed" />
</Timelines>
</Segment>
<Segment duration="6000" startOffset="4278000" endOffset="4284000">
<File name="chunk-stream0-00857.m4s" type="video">
<FileVariant size="577235" variant="f89a9913-e26a-42c4-adb6-639820b0aeed" />
</File>
<File name="chunk-stream1-00857.m4s" type="audio">
<FileVariant size="182263" variant="f89a9913-e26a-42c4-adb6-639820b0aeed" />
</File>
<Timelines>
<Download startTime="19210" endTime="20422" complete="1" fileType="audio" variant="f89a9913-e26a-42c4-adb6-639820b0aeed">
<Pause type="segmentWait" startTime="19210" endTime="20412" />
</Download>
<Download startTime="19277" endTime="20509" complete="1" fileType="video" variant="f89a9913-e26a-42c4-adb6-639820b0aeed">
<Pause type="segmentWait" startTime="19277" endTime="20478" />
</Download>
<Transcode startTime="19018" endTime="20411" complete="1" fileType="video" variant="f89a9913-e26a-42c4-adb6-639820b0aeed" />
<Transcode startTime="19018" endTime="20411" complete="1" fileType="audio" variant="f89a9913-e26a-42c4-adb6-639820b0aeed" />
</Timelines>
</Segment>
<Segment duration="4000" startOffset="4284000" endOffset="4288000">
<File name="chunk-stream0-00858.m4s" type="video">
<FileVariant size="408753" variant="f89a9913-e26a-42c4-adb6-639820b0aeed" />
</File>
<File name="chunk-stream1-00858.m4s" type="audio">
<FileVariant size="122926" variant="f89a9913-e26a-42c4-adb6-639820b0aeed" />
</File>
<Timelines>
<Download startTime="20480" endTime="21589" complete="1" fileType="audio" variant="f89a9913-e26a-42c4-adb6-639820b0aeed">
<Pause type="segmentWait" startTime="20480" endTime="21582" />
</Download>
<Download startTime="20610" endTime="21665" complete="1" fileType="video" variant="f89a9913-e26a-42c4-adb6-639820b0aeed">
<Pause type="segmentWait" startTime="20610" endTime="21615" />
</Download>
<Transcode startTime="20411" endTime="21539" complete="1" fileType="video" variant="f89a9913-e26a-42c4-adb6-639820b0aeed" />
<Transcode startTime="20411" endTime="21539" complete="1" fileType="audio" variant="f89a9913-e26a-42c4-adb6-639820b0aeed" />
</Timelines>
</Segment>
<Segment duration="6000" startOffset="4288000" endOffset="4294000">
<File name="chunk-stream0-00859.m4s" type="video">
<FileVariant size="666587" variant="f89a9913-e26a-42c4-adb6-639820b0aeed" />
</File>
<File name="chunk-stream1-00859.m4s" type="audio">
<FileVariant size="185140" variant="f89a9913-e26a-42c4-adb6-639820b0aeed" />
</File>
<Timelines>
<Download startTime="21664" endTime="23586" complete="1" fileType="audio" variant="f89a9913-e26a-42c4-adb6-639820b0aeed">
<Pause type="segmentWait" startTime="21664" endTime="23574" />
</Download>
<Download startTime="21777" endTime="23636" complete="1" fileType="video" variant="f89a9913-e26a-42c4-adb6-639820b0aeed">
<Pause type="segmentWait" startTime="21777" endTime="23579" />
</Download>
<Transcode startTime="21539" endTime="23514" complete="1" fileType="video" variant="f89a9913-e26a-42c4-adb6-639820b0aeed" />
<Transcode startTime="21539" endTime="23514" complete="1" fileType="audio" variant="f89a9913-e26a-42c4-adb6-639820b0aeed" />
</Timelines>
</Segment>
<Segment duration="4000" startOffset="4294000" endOffset="4298000">
<File name="chunk-stream0-00860.m4s" type="video">
<FileVariant size="445535" variant="f89a9913-e26a-42c4-adb6-639820b0aeed" />
</File>
<File name="chunk-stream1-00860.m4s" type="audio">
<FileVariant size="123741" variant="f89a9913-e26a-42c4-adb6-639820b0aeed" />
</File>
<Timelines>
<Download startTime="23671" endTime="24780" complete="1" fileType="audio" variant="f89a9913-e26a-42c4-adb6-639820b0aeed">
<Pause type="segmentWait" startTime="23671" endTime="24772" />
</Download>
<Download startTime="23762" endTime="24823" complete="1" fileType="video" variant="f89a9913-e26a-42c4-adb6-639820b0aeed">
<Pause type="segmentWait" startTime="23762" endTime="24772" />
</Download>
<Transcode startTime="23514" endTime="24756" complete="1" fileType="video" variant="f89a9913-e26a-42c4-adb6-639820b0aeed" />
<Transcode startTime="23514" endTime="24756" complete="1" fileType="audio" variant="f89a9913-e26a-42c4-adb6-639820b0aeed" />
</Timelines>
</Segment>
<Segment duration="6000" startOffset="4298000" endOffset="4304000">
<File name="chunk-stream0-00861.m4s" type="video">
<FileVariant size="527310" variant="f89a9913-e26a-42c4-adb6-639820b0aeed" />
</File>
<File name="chunk-stream1-00861.m4s" type="audio">
<FileVariant size="182492" variant="f89a9913-e26a-42c4-adb6-639820b0aeed" />
</File>
<Timelines>
<Download startTime="24851" endTime="26471" complete="1" fileType="audio" variant="f89a9913-e26a-42c4-adb6-639820b0aeed">
<Pause type="segmentWait" startTime="24851" endTime="26452" />
</Download>
<Download startTime="24922" endTime="26453" complete="1" fileType="video" variant="f89a9913-e26a-42c4-adb6-639820b0aeed">
<Pause type="segmentWait" startTime="24922" endTime="26424" />
</Download>
<Transcode startTime="24756" endTime="26392" complete="1" fileType="video" variant="f89a9913-e26a-42c4-adb6-639820b0aeed" />
<Transcode startTime="24756" endTime="26392" complete="1" fileType="audio" variant="f89a9913-e26a-42c4-adb6-639820b0aeed" />
</Timelines>
</Segment>
<Segment duration="4000" startOffset="4304000" endOffset="4308000">
<File name="chunk-stream0-00862.m4s" type="video">
<FileVariant size="384689" variant="f89a9913-e26a-42c4-adb6-639820b0aeed" />
</File>
<File name="chunk-stream1-00862.m4s" type="audio">
<FileVariant size="123718" variant="f89a9913-e26a-42c4-adb6-639820b0aeed" />
</File>
<Timelines>
<Download startTime="26583" endTime="27792" complete="1" fileType="audio" variant="f89a9913-e26a-42c4-adb6-639820b0aeed">
<Pause type="segmentWait" startTime="26583" endTime="27784" />
</Download>
<Download startTime="26607" endTime="27833" complete="1" fileType="video" variant="f89a9913-e26a-42c4-adb6-639820b0aeed">
<Pause type="segmentWait" startTime="26607" endTime="27809" />
</Download>
<Transcode startTime="26392" endTime="27716" complete="1" fileType="video" variant="f89a9913-e26a-42c4-adb6-639820b0aeed" />
<Transcode startTime="26392" endTime="27717" complete="1" fileType="audio" variant="f89a9913-e26a-42c4-adb6-639820b0aeed" />
</Timelines>
</Segment>
<Segment duration="6000" startOffset="4308000" endOffset="4314000">
<File name="chunk-stream0-00863.m4s" type="video">
<FileVariant size="664739" variant="f89a9913-e26a-42c4-adb6-639820b0aeed" />
</File>
<File name="chunk-stream1-00863.m4s" type="audio">
<FileVariant size="186444" variant="f89a9913-e26a-42c4-adb6-639820b0aeed" />
</File>
<Timelines>
<Download startTime="27896" endTime="29829" complete="1" fileType="audio" variant="f89a9913-e26a-42c4-adb6-639820b0aeed">
<Pause type="segmentWait" startTime="27896" endTime="29798" />
</Download>
<Download startTime="28003" endTime="29907" complete="1" fileType="video" variant="f89a9913-e26a-42c4-adb6-639820b0aeed">
<Pause type="segmentWait" startTime="28003" endTime="29805" />
</Download>
<Transcode startTime="27716" endTime="29743" complete="1" fileType="video" variant="f89a9913-e26a-42c4-adb6-639820b0aeed" />
<Transcode startTime="27717" endTime="29743" complete="1" fileType="audio" variant="f89a9913-e26a-42c4-adb6-639820b0aeed" />
</Timelines>
</Segment>
<Segment duration="4000" startOffset="4314000" endOffset="4318000">
<File name="chunk-stream0-00864.m4s" type="video">
<FileVariant size="378586" variant="f89a9913-e26a-42c4-adb6-639820b0aeed" />
</File>
<File name="chunk-stream1-00864.m4s" type="audio">
<FileVariant size="123200" variant="f89a9913-e26a-42c4-adb6-639820b0aeed" />
</File>
<Timelines>
<Download startTime="29935" endTime="30946" complete="1" fileType="audio" variant="f89a9913-e26a-42c4-adb6-639820b0aeed">
<Pause type="segmentWait" startTime="29935" endTime="30939" />
</Download>
<Download startTime="30054" endTime="30985" complete="1" fileType="video" variant="f89a9913-e26a-42c4-adb6-639820b0aeed">
<Pause type="segmentWait" startTime="30054" endTime="30955" />
</Download>
<Transcode startTime="29743" endTime="30869" complete="1" fileType="video" variant="f89a9913-e26a-42c4-adb6-639820b0aeed" />
<Transcode startTime="29743" endTime="30869" complete="1" fileType="audio" variant="f89a9913-e26a-42c4-adb6-639820b0aeed" />
</Timelines>
</Segment>
<Segment duration="6000" startOffset="4318000" endOffset="4324000">
<File name="chunk-stream0-00865.m4s" type="video">
<FileVariant size="565170" variant="f89a9913-e26a-42c4-adb6-639820b0aeed" />
</File>
<File name="chunk-stream1-00865.m4s" type="audio">
<FileVariant size="183308" variant="f89a9913-e26a-42c4-adb6-639820b0aeed" />
</File>
<Timelines>
<Download startTime="31004" endTime="32427" complete="1" fileType="audio" variant="f89a9913-e26a-42c4-adb6-639820b0aeed">
<Pause type="segmentWait" startTime="31004" endTime="32406" />
</Download>
<Download startTime="31092" endTime="32440" complete="1" fileType="video" variant="f89a9913-e26a-42c4-adb6-639820b0aeed">
<Pause type="segmentWait" startTime="31092" endTime="32393" />
</Download>
<Transcode startTime="30869" endTime="32378" complete="1" fileType="video" variant="f89a9913-e26a-42c4-adb6-639820b0aeed" />
<Transcode startTime="30869" endTime="32378" complete="1" fileType="audio" variant="f89a9913-e26a-42c4-adb6-639820b0aeed" />
</Timelines>
</Segment>
<Segment duration="4000" startOffset="4324000" endOffset="4328000">
<File name="chunk-stream0-00866.m4s" type="video">
<FileVariant size="320918" variant="f89a9913-e26a-42c4-adb6-639820b0aeed" />
</File>
<File name="chunk-stream1-00866.m4s" type="audio">
<FileVariant size="124257" variant="f89a9913-e26a-42c4-adb6-639820b0aeed" />
</File>
<Timelines>
<Download startTime="32510" endTime="33725" complete="1" fileType="audio" variant="f89a9913-e26a-42c4-adb6-639820b0aeed">
<Pause type="segmentWait" startTime="32510" endTime="33711" />
</Download>
<Download startTime="32565" endTime="33694" complete="1" fileType="video" variant="f89a9913-e26a-42c4-adb6-639820b0aeed">
<Pause type="segmentWait" startTime="32565" endTime="33666" />
</Download>
<Transcode startTime="32378" endTime="33628" complete="1" fileType="video" variant="f89a9913-e26a-42c4-adb6-639820b0aeed" />
<Transcode startTime="32378" endTime="33628" complete="1" fileType="audio" variant="f89a9913-e26a-42c4-adb6-639820b0aeed" />
</Timelines>
</Segment>
<Segment duration="6000" startOffset="4328000" endOffset="4334000">
<File name="chunk-stream0-00867.m4s" type="video">
<FileVariant size="576261" variant="f89a9913-e26a-42c4-adb6-639820b0aeed" />
</File>
<File name="chunk-stream1-00867.m4s" type="audio">
<FileVariant size="184138" variant="f89a9913-e26a-42c4-adb6-639820b0aeed" />
</File>
<Timelines>
<Download startTime="33777" endTime="35314" complete="1" fileType="video" variant="f89a9913-e26a-42c4-adb6-639820b0aeed">
<Pause type="segmentWait" startTime="33777" endTime="35280" />
</Download>
<Download startTime="33810" endTime="35325" complete="1" fileType="audio" variant="f89a9913-e26a-42c4-adb6-639820b0aeed">
<Pause type="segmentWait" startTime="33810" endTime="35312" />
</Download>
<Transcode startTime="33628" endTime="35278" complete="1" fileType="video" variant="f89a9913-e26a-42c4-adb6-639820b0aeed" />
<Transcode startTime="33628" endTime="35278" complete="1" fileType="audio" variant="f89a9913-e26a-42c4-adb6-639820b0aeed" />
</Timelines>
</Segment>
<Segment duration="4000" startOffset="4334000" endOffset="4338000">
<File name="chunk-stream0-00868.m4s" type="video">
<FileVariant size="406333" variant="f89a9913-e26a-42c4-adb6-639820b0aeed" />
</File>
<File name="chunk-stream1-00868.m4s" type="audio">
<FileVariant size="127088" variant="f89a9913-e26a-42c4-adb6-639820b0aeed" />
</File>
<Timelines>
<Download startTime="35455" endTime="37313" complete="1" fileType="video" variant="f89a9913-e26a-42c4-adb6-639820b0aeed">
<Pause type="segmentWait" startTime="35455" endTime="37257" />
</Download>
<Download startTime="35460" endTime="37288" complete="1" fileType="audio" variant="f89a9913-e26a-42c4-adb6-639820b0aeed">
<Pause type="segmentWait" startTime="35460" endTime="37273" />
</Download>
<Transcode startTime="35278" endTime="37235" complete="1" fileType="video" variant="f89a9913-e26a-42c4-adb6-639820b0aeed" />
<Transcode startTime="35278" endTime="37235" complete="1" fileType="audio" variant="f89a9913-e26a-42c4-adb6-639820b0aeed" />
</Timelines>
</Segment>
</SegmentList>
<PlaybackReports>
<Playback startTime="8956" endTime="8994" state="playing" progress="247000" />
<Playback startTime="8994" endTime="10840" state="buffering" progress="247000" />
<Playback startTime="10840" endTime="15689" state="playing" progress="247000" />
<Playback startTime="15689" endTime="16215" state="buffering" progress="4274000" />
<Playback startTime="16215" endTime="20666" state="buffering" progress="4274000" />
<Playback startTime="20666" endTime="21220" state="playing" progress="4278000" />
<Playback startTime="21220" endTime="23741" state="buffering" progress="4278000" />
<Playback startTime="23741" endTime="26231" state="playing" progress="4278000" />
<Playback startTime="26231" endTime="35266" state="playing" progress="4280000" />
<Playback startTime="35266" endTime="36187" state="paused" progress="4291000" />
<Playback startTime="36187" endTime="37387" state="paused" progress="4291000" />
</PlaybackReports>
<StateReports />
<StateReports />
</SessionReport>
