Oct 02, 2024 10:08:44.036 [0x7fa14eab08] INFO - Plex Tuner Service v1.41.0.8994-f2c27da23 - Docker Docker Container (LinuxServer.io) aarch64 - build: 
Oct 02, 2024 10:08:44.037 [0x7fa14eab08] INFO - Linux version: 6.6.20+rpt-rpi-v8 (#1 SMP PREEMPT Debian 1:6.6.20-1+rpt1 (2024-03-07)), language: en-US
Oct 02, 2024 10:08:44.038 [0x7fa14eab08] INFO - Processor Unknown architecture
Oct 02, 2024 10:08:44.038 [0x7fa14eab08] INFO - /usr/lib/plexmediaserver/Plex Tuner Service /usr/lib/plexmediaserver/Resources/Tuner/Private /usr/lib/plexmediaserver/Resources/Tuner/Shared 1.41.0.8994-f2c27da23 32600
Oct 02, 2024 10:08:44.034 [0x7fa345d890] INFO - [I] broker_t::start...
Oct 02, 2024 10:08:44.053 [0x7fa345d890] INFO - [I] device_manager_t::init.
Oct 02, 2024 10:08:44.054 [0x7fa345d890] INFO - [I] device_manager_t::init. Initialize provider manager
Oct 02, 2024 10:08:44.054 [0x7fa345d890] INFO - [I] device_manager_t::init. Initialize all device auxes
Oct 02, 2024 10:08:44.054 [0x7fa345d890] INFO - [I] dvb_device_factory_t::get_aux_list
Oct 02, 2024 10:08:44.054 [0x7fa345d890] INFO - [I] tvbutler_aux_t::init
Oct 02, 2024 10:08:44.069 [0x7fa345d890] INFO - [I] web_server_t::start. Starting web server on port 32600
Oct 02, 2024 10:08:52.862 [0x7fa1074b08] INFO - [I] web_service_t::process_device_discovery
Oct 02, 2024 10:08:52.862 [0x7fa1074b08] INFO - [I] device_reactor_t::get_device_list ()
Oct 02, 2024 10:08:54.868 [0x7fa1074b08] INFO - [I] SAT2IP - discover_satip_servers(): no servers found
Oct 02, 2024 10:08:55.289 [0x7fa1074b08] INFO - [I] v4l::DeviceGetList_impl. getting v4l device list
Oct 02, 2024 10:08:55.299 [0x7fa1074b08] INFO - [I] onetv_factory::DeviceGetListEx >>
Oct 02, 2024 10:08:55.299 [0x7fa1074b08] WARN - [W] onetv_factory::DeviceGetListEx. libusb_init returned an error -99
Oct 02, 2024 10:17:48.340 [0x7fa345d890] INFO - Received SIGINT: Interrupt from keyboard.
Oct 02, 2024 10:17:48.358 [0x7fa345d890] INFO - [I] device_manager_t::term
Oct 02, 2024 10:17:48.358 [0x7fa345d890] INFO - [I] device_manager_t::term. Stop all devices
Oct 02, 2024 10:17:48.358 [0x7fa345d890] INFO - [I] device_manager_t::term. Shut down all device auxes
Oct 02, 2024 10:17:48.358 [0x7fa345d890] INFO - [I] tvbutler_aux_t::term
Oct 02, 2024 10:17:48.360 [0x7fa345d890] INFO - [I] web_server_t::stop. Web server is stopped
Oct 02, 2024 10:17:48.360 [0x7fa345d890] INFO - [I] device_manager_t::term
Oct 02, 2024 10:17:48.360 [0x7fa345d890] INFO - [I] device_manager_t::term. Stop all devices
Oct 02, 2024 10:17:48.360 [0x7fa345d890] INFO - [I] device_manager_t::term. Shut down all device auxes
Oct 02, 2024 10:17:48.361 [0x7fa345d890] INFO - [I] broker_t::shutdown. Shutdown is completed.
