<SessionReport version="2" startTime="0" startTimestamp="Oct 02, 2024 11:02:42.646" key="/library/metadata/1" session="ngq0mkew2s9f85orcix6rolc" transcode="pggm0s03kulf0stwkj392554">
<User id="1" thumb="https://plex.tv/users/69c97b788ac90d09/avatar?c=1727861423" title="sivalives" />
<Player address="10.0.0.14" device="Linux" machineIdentifier="cnet22xemi869rgmhwdqcx4h" model="bundled" platform="Chrome" platformVersion="128.0" product="Plex Web" title="Chrome" version="4.136.1" local="1" relayed="0" secure="1" userID="1" />
<Variants>
<Variant id="9e1f076d-9d40-439b-a68b-f85c76568203" targetBitrate="2716" context="streaming" sourceVideoCodec="h264" sourceAudioCodec="eac3" videoDecision="copy" audioDecision="transcode" protocol="dash" container="mp4" videoCodec="h264" audioCodec="aac" audioChannels="2" transcodeHwRequested="0" transcodeHwFullPipeline="0">
<Media id="1" videoProfile="main" audioChannels="2" audioCodec="aac" bitrate="1421" container="mp4" duration="7263360" height="720" optimizedForStreaming="1" protocol="dash" videoCodec="h264" videoFrameRate="PAL" videoResolution="720p" width="1280" selected="1">
<Part id="1" videoProfile="main" bitrate="1421" container="mp4" duration="7263360" height="720" optimizedForStreaming="1" protocol="dash" width="1280" decision="transcode" selected="1">
<Stream bitDepth="8" bitrate="1165" chromaLocation="left" chromaSubsampling="4:2:0" codec="h264" codedHeight="720" codedWidth="1280" colorPrimaries="bt709" colorRange="tv" colorSpace="bt709" colorTrc="bt709" default="1" displayTitle="720p (H.264)" extendedDisplayTitle="www.1TamilMV.tf (720p H.264)" frameRate="25" hasScalingMatrix="0" height="720" id="1" level="41" profile="main" refFrames="4" scanType="progressive" streamType="1" title="www.1TamilMV.tf" width="1280" decision="copy" location="segments-video" />
<Stream bitrate="256" bitrateMode="cbr" channels="2" codec="aac" default="1" displayTitle="&#3374;&#3378;&#3375;&#3390;&#3379;&#3330; (EAC3 5.1)" extendedDisplayTitle="www.1TamilMV.tf - [DD+5.1 - 192Kbps] (&#3374;&#3378;&#3375;&#3390;&#3379;&#3330; EAC3)" forced="1" id="2" language="&#3374;&#3378;&#3375;&#3390;&#3379;&#3330;" languageCode="mal" languageTag="ml" selected="1" streamType="2" decision="transcode" location="segments-audio" />
</Part>
</Media>
</Variant>
</Variants>
<SegmentList>
<Segment duration="6000" startOffset="0" endOffset="6000">
<File name="chunk-stream0-00001.m4s" type="video">
<FileVariant size="218611" variant="9e1f076d-9d40-439b-a68b-f85c76568203" />
</File>
<File name="chunk-stream1-00001.m4s" type="audio">
<FileVariant size="29147" variant="9e1f076d-9d40-439b-a68b-f85c76568203" />
</File>
<Timelines>
<Transcode startTime="410" endTime="2326" complete="1" fileType="video" variant="9e1f076d-9d40-439b-a68b-f85c76568203" />
<Transcode startTime="410" endTime="2326" complete="1" fileType="audio" variant="9e1f076d-9d40-439b-a68b-f85c76568203" />
</Timelines>
</Segment>
<Segment duration="0" startOffset="-1" endOffset="-1">
<Timelines>
<Download startTime="2383" fileType="audio" variant="9e1f076d-9d40-439b-a68b-f85c76568203" />
<Download startTime="2391" fileType="video" variant="9e1f076d-9d40-439b-a68b-f85c76568203" />
</Timelines>
</Segment>
<Segment duration="4000" startOffset="6000" endOffset="10000">
<File name="chunk-stream0-00002.m4s" type="video">
<FileVariant size="157746" variant="9e1f076d-9d40-439b-a68b-f85c76568203" />
</File>
<File name="chunk-stream1-00002.m4s" type="audio">
<FileVariant size="27306" variant="9e1f076d-9d40-439b-a68b-f85c76568203" />
</File>
<Timelines>
<Transcode startTime="2326" endTime="3628" complete="1" fileType="video" variant="9e1f076d-9d40-439b-a68b-f85c76568203" />
<Transcode startTime="2326" endTime="3628" complete="1" fileType="audio" variant="9e1f076d-9d40-439b-a68b-f85c76568203" />
</Timelines>
</Segment>
</SegmentList>
<PlaybackReports />
<StateReports />
<StateReports />
</SessionReport>
