Oct 02, 2024 12:05:15.019 [548544503288] INFO - Plex Media Scanner v1.41.0.8994-f2c27da23 - Docker Docker Container (LinuxServer.io) aarch64 - build: linux-aarch64 - GMT 00:00
Oct 02, 2024 12:05:15.020 [548544503288] INFO - Linux version: 6.6.20+rpt-rpi-v8, language: en-US
Oct 02, 2024 12:05:15.020 [548544503288] INFO - Processor: 4-core AArch64
Oct 02, 2024 12:05:15.020 [548544503288] INFO - /usr/lib/plexmediaserver/Plex Media Scanner --analyze --log-file-suffix  Analysis --no-thumbs --item 2
Oct 02, 2024 12:05:15.022 [548624683064] DEBUG - Opening 20 database sessions to library (com.plexapp.plugins.library), SQLite 3.39.4, threadsafe=1
Oct 02, 2024 12:05:15.554 [548624683064] DEBUG - Analyzing media parts for item 2 (Adios Amigo): 2
Oct 02, 2024 12:05:15.672 [548624683064] DEBUG - [ID 2] Media part analysis: /movies/share/[MS] Adios Amigo (2024) Malayalam 720p NF WEBDL x264.mkv
Oct 02, 2024 12:05:15.673 [548624683064] DEBUG - [MI] Opening input file: "/movies/share/[MS] Adios Amigo (2024) Malayalam 720p NF WEBDL x264.mkv"
Oct 02, 2024 12:05:15.673 [548624683064] DEBUG - [FFMPEG] - Opening '/movies/share/[MS] Adios Amigo (2024) Malayalam 720p NF WEBDL x264.mkv' for reading
Oct 02, 2024 12:05:15.673 [548624683064] DEBUG - [FFMPEG] - Setting default whitelist 'file,crypto,data'
Oct 02, 2024 12:05:15.675 [548624683064] DEBUG - [FFMPEG] - Format matroska,webm probed with size=2048 and score=100
Oct 02, 2024 12:05:15.675 [548624683064] DEBUG - [FFMPEG] - Unknown entry 0x22B59D at pos. 4384
Oct 02, 2024 12:05:15.675 [548624683064] DEBUG - [FFMPEG] - Unknown entry 0x22B59D at pos. 4467
Oct 02, 2024 12:05:15.675 [548624683064] DEBUG - [FFMPEG] - Unknown entry 0x22B59D at pos. 4533
Oct 02, 2024 12:05:15.675 [548624683064] DEBUG - [FFMPEG] - Unknown entry 0x437D at pos. 5766
Oct 02, 2024 12:05:15.675 [548624683064] DEBUG - [FFMPEG] - st:0 removing common factor 1000000 from timebase
Oct 02, 2024 12:05:15.675 [548624683064] DEBUG - [FFMPEG] - st:1 removing common factor 1000000 from timebase
Oct 02, 2024 12:05:15.675 [548624683064] DEBUG - [FFMPEG] - st:2 removing common factor 1000000 from timebase
Oct 02, 2024 12:05:15.675 [548624683064] DEBUG - [FFMPEG] - Before avformat_find_stream_info() pos: 5878 bytes read:33608 seeks:2 nb_streams:3
Oct 02, 2024 12:05:15.678 [548624683064] DEBUG - [FFMPEG] - nal_unit_type: 7(SPS), nal_ref_idc: 3
Oct 02, 2024 12:05:15.678 [548624683064] DEBUG - [FFMPEG] - nal_unit_type: 8(PPS), nal_ref_idc: 3
Oct 02, 2024 12:05:15.679 [548624683064] DEBUG - [FFMPEG] - nal_unit_type: 7(SPS), nal_ref_idc: 3
Oct 02, 2024 12:05:15.679 [548624683064] DEBUG - [FFMPEG] - nal_unit_type: 8(PPS), nal_ref_idc: 3
Oct 02, 2024 12:05:15.679 [548624683064] DEBUG - [FFMPEG] - nal_unit_type: 6(SEI), nal_ref_idc: 0
Oct 02, 2024 12:05:15.679 [548624683064] DEBUG - [FFMPEG] - nal_unit_type: 6(SEI), nal_ref_idc: 0
Oct 02, 2024 12:05:15.679 [548624683064] DEBUG - [FFMPEG] - nal_unit_type: 6(SEI), nal_ref_idc: 0
Oct 02, 2024 12:05:15.680 [548624683064] DEBUG - [FFMPEG] - nal_unit_type: 5(IDR), nal_ref_idc: 3
Oct 02, 2024 12:05:15.680 [548624683064] DEBUG - [FFMPEG] - Format yuv420p chosen by get_format().
Oct 02, 2024 12:05:15.684 [548624683064] DEBUG - [FFMPEG] - no picture 
Oct 02, 2024 12:05:15.691 [548624683064] DEBUG - [FFMPEG] - nal_unit_type: 6(SEI), nal_ref_idc: 0
Oct 02, 2024 12:05:15.691 [548624683064] DEBUG - [FFMPEG] - nal_unit_type: 1(Coded slice of a non-IDR picture), nal_ref_idc: 2
Oct 02, 2024 12:05:15.701 [548624683064] DEBUG - [FFMPEG] - nal_unit_type: 6(SEI), nal_ref_idc: 0
Oct 02, 2024 12:05:15.701 [548624683064] DEBUG - [FFMPEG] - nal_unit_type: 1(Coded slice of a non-IDR picture), nal_ref_idc: 0
Oct 02, 2024 12:05:15.717 [548624683064] DEBUG - [FFMPEG] - nal_unit_type: 6(SEI), nal_ref_idc: 0
Oct 02, 2024 12:05:15.717 [548624683064] DEBUG - [FFMPEG] - nal_unit_type: 1(Coded slice of a non-IDR picture), nal_ref_idc: 0
Oct 02, 2024 12:05:15.732 [548624683064] DEBUG - [FFMPEG] - nal_unit_type: 6(SEI), nal_ref_idc: 0
Oct 02, 2024 12:05:15.732 [548624683064] DEBUG - [FFMPEG] - nal_unit_type: 1(Coded slice of a non-IDR picture), nal_ref_idc: 2
Oct 02, 2024 12:05:15.739 [548624683064] DEBUG - [FFMPEG] - nal_unit_type: 6(SEI), nal_ref_idc: 0
Oct 02, 2024 12:05:15.739 [548624683064] DEBUG - [FFMPEG] - nal_unit_type: 1(Coded slice of a non-IDR picture), nal_ref_idc: 0
Oct 02, 2024 12:05:15.751 [548624683064] DEBUG - [FFMPEG] - nal_unit_type: 6(SEI), nal_ref_idc: 0
Oct 02, 2024 12:05:15.751 [548624683064] DEBUG - [FFMPEG] - nal_unit_type: 1(Coded slice of a non-IDR picture), nal_ref_idc: 0
Oct 02, 2024 12:05:15.766 [548624683064] DEBUG - [FFMPEG] - nal_unit_type: 6(SEI), nal_ref_idc: 0
Oct 02, 2024 12:05:15.766 [548624683064] DEBUG - [FFMPEG] - nal_unit_type: 1(Coded slice of a non-IDR picture), nal_ref_idc: 2
Oct 02, 2024 12:05:15.774 [548624683064] DEBUG - [FFMPEG] - All info found
Oct 02, 2024 12:05:15.778 [548624683064] DEBUG - [FFMPEG] - After avformat_find_stream_info() pos: 23787 bytes read:66376 seeks:2 frames:25
Oct 02, 2024 12:05:15.917 [548624683064] DEBUG - [MI]  * 47b517a8b955138400d13a048986d37820b8041d [mkv h264/aac] Duration: 9373995ms, 1280x720 (1.777778) 24.000fps, bitrate=1916kbps, audio channels=6, optimizedForStreaming=0 ("/movies/share/[MS] Adios Amigo (2024) Malayalam 720p NF WEBDL x264.mkv")
Oct 02, 2024 12:05:15.917 [548624683064] DEBUG - [MI] Importing 1 media chapters.
Oct 02, 2024 12:05:15.919 [548624683064] DEBUG - [MI] Closing input file: "/movies/share/[MS] Adios Amigo (2024) Malayalam 720p NF WEBDL x264.mkv"
Oct 02, 2024 12:05:15.920 [548624683064] DEBUG - Committing media stream changes for part 2
Oct 02, 2024 12:05:15.924 [548624683064] DEBUG - Updating media item 2, size=2245471312, metadata_item_id=2
Oct 02, 2024 12:05:15.924 [548624683064] DEBUG - Updating part with ID=2 [/movies/share/[MS] Adios Amigo (2024) Malayalam 720p NF WEBDL x264.mkv]
Oct 02, 2024 12:05:15.926 [548530941432] DEBUG - [HCl#1] HTTP requesting GET http://127.0.0.1:32400/:/metadata/notify/changeItemState?librarySectionID=2&metadataItemID=2&metadataType=1&state=-1&parentID=-1&rootID=-1&mediaState=analyzing
Oct 02, 2024 12:05:15.930 [548530793976] DEBUG - [HttpClient/HCl#1] HTTP/1.1 (0.0s) 200 response from GET http://127.0.0.1:32400/:/metadata/notify/changeItemState?librarySectionID=2&metadataItemID=2&metadataType=1&state=-1&parentID=-1&rootID=-1&mediaState=analyzing
Oct 02, 2024 12:05:15.931 [548530941432] DEBUG - [HCl#2] HTTP requesting GET http://127.0.0.1:32400/:/metadata/notify/changeItemState?librarySectionID=2&metadataItemID=2&metadataType=1&state=-1&parentID=-1&rootID=-1&mediaState=idle
Oct 02, 2024 12:05:15.933 [548530793976] DEBUG - [HttpClient/HCl#2] HTTP/1.1 (0.0s) 200 response from GET http://127.0.0.1:32400/:/metadata/notify/changeItemState?librarySectionID=2&metadataItemID=2&metadataType=1&state=-1&parentID=-1&rootID=-1&mediaState=idle (reused)
Oct 02, 2024 12:05:15.939 [548624683064] DEBUG - Downloading document http://127.0.0.1:32400/library/changestamp
Oct 02, 2024 12:05:15.939 [548624683064] DEBUG - [HCl#3] HTTP requesting GET http://127.0.0.1:32400/library/changestamp
Oct 02, 2024 12:05:15.942 [548530793976] DEBUG - [HttpClient/HCl#3] HTTP/1.1 (0.0s) 200 response from GET http://127.0.0.1:32400/library/changestamp (reused)
Oct 02, 2024 12:05:15.942 [548624683064] DEBUG - Updating metadata item (save) (Adios Amigo) with ID 2
Oct 02, 2024 12:05:15.953 [548624683064] DEBUG - Doing expensive tags write for 'Adios Amigo' because something changed.
Oct 02, 2024 12:05:15.958 [548624683064] DEBUG - Downloading document http://127.0.0.1:32400/library/changestamp
Oct 02, 2024 12:05:15.958 [548624683064] DEBUG - [HCl#4] HTTP requesting GET http://127.0.0.1:32400/library/changestamp
Oct 02, 2024 12:05:15.962 [548530793976] DEBUG - [HttpClient/HCl#4] HTTP/1.1 (0.0s) 200 response from GET http://127.0.0.1:32400/library/changestamp (reused)
Oct 02, 2024 12:05:15.963 [548624683064] DEBUG - Updating metadata item (save) (Adios Amigo) with ID 2
