2024-11-14 08:00:37,040 (7fb380e890) :  INFO (core:349) - Starting framework core - Version: 2.6.3, Build: f2c27da (Mon Sep 23 10:05:42 UTC 2024)
2024-11-14 08:00:37,045 (7fb380e890) :  DEBUG (core:361) - Using the elevated policy
2024-11-14 08:00:37,046 (7fb380e890) :  DEBUG (core:365) - Extending whitelist: ['cgi', 'tempfile']
2024-11-14 08:00:37,047 (7fb380e890) :  DEBUG (core:450) - Starting runtime component.
2024-11-14 08:00:37,053 (7fb380e890) :  DEBUG (core:450) - Starting caching component.
2024-11-14 08:00:37,054 (7fb380e890) :  DEBUG (core:450) - Starting data component.
2024-11-14 08:00:37,055 (7fb380e890) :  DEBUG (core:450) - Starting networking component.
2024-11-14 08:00:37,058 (7fb380e890) :  DEBUG (networking:262) - Loaded HTTP cookies
2024-11-14 08:00:37,062 (7fb380e890) :  DEBUG (networking:434) - Setting the default network timeout to 20.0
2024-11-14 08:00:37,066 (7fb380e890) :  DEBUG (core:450) - Starting localization component.
2024-11-14 08:00:37,067 (7fb380e890) :  INFO (localization:409) - Setting the default locale to en-us
2024-11-14 08:00:37,070 (7fb380e890) :  WARNING (data:179) - Error decoding with simplejson, using demjson instead (this will cause a performance hit) - Expecting property name enclosed in double quotes: line 26 column 1 (char 1078)
2024-11-14 08:00:37,084 (7fb380e890) :  DEBUG (localization:427) - Loaded en strings
2024-11-14 08:00:37,085 (7fb380e890) :  DEBUG (core:450) - Starting messaging component.
2024-11-14 08:00:37,086 (7fb380e890) :  DEBUG (core:450) - Starting debugging component.
2024-11-14 08:00:37,087 (7fb380e890) :  DEBUG (core:450) - Starting services component.
2024-11-14 08:00:37,088 (7fb380e890) :  DEBUG (core:450) - Starting myplex component.
2024-11-14 08:00:37,089 (7fb380e890) :  DEBUG (core:450) - Starting notifications component.
2024-11-14 08:00:37,967 (7fb380e890) :  DEBUG (accessor:68) - Creating a new model access point for provider com.plexapp.system in namespace 'metadata'
2024-11-14 08:00:38,043 (7fb01f8b08) :  DEBUG (services:265) - Plug-in is not daemonized - loading services from system
2024-11-14 08:00:38,044 (7fb380e890) :  DEBUG (runtime:1117) - Created a thread named 'load_all_services'
2024-11-14 08:00:38,076 (7fb380e890) :  DEBUG (runtime:1117) - Created a thread named 'get_server_info'
2024-11-14 08:00:38,077 (7fb380e890) :  DEBUG (core:150) - Finished starting framework core
2024-11-14 08:00:38,078 (7fb380e890) :  DEBUG (core:560) - Loading plug-in code
2024-11-14 08:00:38,079 (7fb01f8b08) :  DEBUG (networking:144) - Requesting 'http://127.0.0.1:32400/:/plugins/com.plexapp.system/messaging/function/X0J1bmRsZVNlcnZpY2U6QWxsU2VydmljZXM_/Y2VyZWFsMQoxCmxpc3QKMApyMAo_/Y2VyZWFsMQoxCmRpY3QKMApyMAo_'
2024-11-14 08:00:38,086 (7fb0172b08) :  DEBUG (networking:144) - Requesting 'http://127.0.0.1:32400'
2024-11-14 08:00:38,207 (7fb380e890) :  DEBUG (core:566) - Finished loading plug-in code
2024-11-14 08:00:38,208 (7fb380e890) :  DEBUG (runtime:640) - Adding a prefix handler for 'System' ('/system')
2024-11-14 08:00:38,214 (7fb01f8b08) :  ERROR (networking:197) - Error opening URL 'http://127.0.0.1:32400/:/plugins/com.plexapp.system/messaging/function/X0J1bmRsZVNlcnZpY2U6QWxsU2VydmljZXM_/Y2VyZWFsMQoxCmxpc3QKMApyMAo_/Y2VyZWFsMQoxCmRpY3QKMApyMAo_'
2024-11-14 08:00:38,216 (7fb01f8b08) :  ERROR (services:272) - Unable to load services from system. Loading from the current bundle only.
2024-11-14 08:00:38,220 (7fb01f8b08) :  DEBUG (services:362) - Loaded services
2024-11-14 08:00:38,224 (7fb0172b08) :  ERROR (networking:197) - Error opening URL 'http://127.0.0.1:32400'
2024-11-14 08:00:38,226 (7fb0172b08) :  WARNING (core:541) - Unable to retrieve the machine identifier or server version.
2024-11-14 08:00:38,247 (7fb0195b08) :  DEBUG (services:438) - No shared code to load
2024-11-14 08:00:42,370 (7fb380e890) :  INFO (__init__:35) - Starting System f2c27da (Mon Sep 23 10:05:42 UTC 2024)
2024-11-14 08:00:42,371 (7fb380e890) :  DEBUG (runtime:640) - Adding a prefix handler for 'Player' ('/player')
2024-11-14 08:00:42,410 (7fb380e890) :  INFO (datakit:93) - Loaded the dictionary file
2024-11-14 08:00:42,413 (7fb380e890) :  DEBUG (agentservice:52) - Starting the agent service
2024-11-14 08:00:43,272 (7fb380e890) :  DEBUG (accessor:68) - Creating a new model access point for provider com.plexapp.system in namespace 'metadata'
2024-11-14 08:00:43,316 (7fb380e890) :  DEBUG (bundleservice:65) - Starting the bundle service
2024-11-14 08:00:43,319 (7fb380e890) :  DEBUG (runtime:1117) - Created a thread named 'start'
2024-11-14 08:00:43,320 (7fb380e890) :  DEBUG (playerservice:12) - Starting the player service
2024-11-14 08:00:43,322 (7fb380e890) :  DEBUG (flagservice:13) - Starting the media flag service
2024-11-14 08:00:43,324 (7fb380e890) :  DEBUG (runtime:1117) - Created a thread named 'start'
2024-11-14 08:00:43,325 (7fb380e890) :  DEBUG (peerservice:141) - Starting the peer service
2024-11-14 08:00:43,334 (7faff8ab08) :  DEBUG (peerservice:164) - Fetching the current list of servers
2024-11-14 08:00:43,335 (7fb380e890) :  DEBUG (runtime:1117) - Created a thread named 'refresh_servers'
2024-11-14 08:00:43,337 (7faffd0b08) :  DEBUG (runtime:1117) - Created a thread named 'ensure_agent_info_exists_inner'
2024-11-14 08:00:43,339 (7faff8ab08) :  DEBUG (networking:144) - Requesting 'http://127.0.0.1:32400/servers'
2024-11-14 08:00:43,340 (7fb380e890) :  DEBUG (runtime:1150) - Scheduled a timed thread named 'refresh_servers'
2024-11-14 08:00:43,344 (7fb380e890) :  DEBUG (streamservice:18) - Starting the stream service
2024-11-14 08:00:43,347 (7fb380e890) :  CRITICAL (runtime:709) - Private handlers are no longer supported; couldn't register <bound method StreamService.token_handler of <streamservice.StreamService object at 0x7fafd6be10>>
2024-11-14 08:00:43,351 (7fb380e890) :  DEBUG (runtime:1150) - Scheduled a timed thread named 'invalidation_timer'
2024-11-14 08:00:43,353 (7faff8ab08) :  ERROR (networking:197) - Error opening URL 'http://127.0.0.1:32400/servers'
2024-11-14 08:00:43,356 (7fb380e890) :  DEBUG (proxyservice:12) - Starting the proxy service
2024-11-14 08:00:43,367 (7fb380e890) :  DEBUG (runtime:1117) - Created a thread named 'update_attribution_flags_inner'
2024-11-14 08:00:43,370 (7fb380e890) :  INFO (core:611) - Started plug-in
2024-11-14 08:00:43,372 (7fb380e890) :  DEBUG (socketinterface:160) - Starting socket server
2024-11-14 08:00:43,378 (7fb380e890) :  DEBUG (runtime:1117) - Created a thread named 'start'
2024-11-14 08:00:43,379 (7fb380e890) :  INFO (socketinterface:184) - Socket server started on port 45881
2024-11-14 08:00:43,381 (7fb380e890) :  INFO (pipeinterface:25) - Entering run loop
2024-11-14 08:00:43,383 (7fb380e890) :  DEBUG (runtime:717) - Handling request GET /:/prefixes
2024-11-14 08:00:43,393 (7fb380e890) :  DEBUG (runtime:814) - Found route matching /:/prefixes
2024-11-14 08:00:43,396 (7faffd0b08) :  DEBUG (runtime:1117) - Created a thread named 'ensure_agent_info_exists_inner'
2024-11-14 08:00:43,405 (7faff8ab08) :  CRITICAL (runtime:1128) - Exception in thread named 'refresh_servers' (most recent call last):
  File "/usr/lib/plexmediaserver/Resources/Plug-ins-f2c27da23/Framework.bundle/Contents/Resources/Versions/2/Python/Framework/components/runtime.py", line 1126, in _start_thread
    f(*args, **kwargs)
  File "/usr/lib/plexmediaserver/Resources/Plug-ins-f2c27da23/System.bundle/Contents/Code/peerservice.py", line 169, in refresh_servers
    servers_el = self.get_servers_el()
  File "/usr/lib/plexmediaserver/Resources/Plug-ins-f2c27da23/System.bundle/Contents/Code/peerservice.py", line 165, in get_servers_el
    return XML.ElementFromURL('http://127.0.0.1:32400/servers', cacheTime = 0)
  File "/usr/lib/plexmediaserver/Resources/Plug-ins-f2c27da23/Framework.bundle/Contents/Resources/Versions/2/Python/Framework/api/parsekit.py", line 344, in ElementFromURL
    method=method,
  File "/usr/lib/plexmediaserver/Resources/Plug-ins-f2c27da23/Framework.bundle/Contents/Resources/Versions/2/Python/Framework/api/networkkit.py", line 67, in _http_request
    req = self._core.networking.http_request(url, *args, **kwargs)
  File "/usr/lib/plexmediaserver/Resources/Plug-ins-f2c27da23/Framework.bundle/Contents/Resources/Versions/2/Python/Framework/components/networking.py", line 352, in http_request
    return HTTPRequest(self._core, url, data, h, url_cache, encoding, errors, timeout, immediate, sleep, opener, follow_redirects, method)
  File "/usr/lib/plexmediaserver/Resources/Plug-ins-f2c27da23/Framework.bundle/Contents/Resources/Versions/2/Python/Framework/components/networking.py", line 119, in __init__
    self.load()
  File "/usr/lib/plexmediaserver/Resources/Plug-ins-f2c27da23/Framework.bundle/Contents/Resources/Versions/2/Python/Framework/components/networking.py", line 159, in load
    f = self._opener.open(req, timeout=self._timeout)
  File "/usr/lib/plexmediaserver/Resources/Python/python27.zip/urllib2.py", line 435, in open
    response = meth(req, response)
  File "/usr/lib/plexmediaserver/Resources/Python/python27.zip/urllib2.py", line 548, in http_response
    'http', request, response, code, msg, hdrs)
  File "/usr/lib/plexmediaserver/Resources/Python/python27.zip/urllib2.py", line 473, in error
    return self._call_chain(*args)
  File "/usr/lib/plexmediaserver/Resources/Python/python27.zip/urllib2.py", line 407, in _call_chain
    result = func(*args)
  File "/usr/lib/plexmediaserver/Resources/Python/python27.zip/urllib2.py", line 556, in http_error_default
    raise HTTPError(req.get_full_url(), code, msg, hdrs, fp)
HTTPError: HTTP Error 503: Service Unavailable

2024-11-14 08:00:43,409 (7fb380e890) :  DEBUG (runtime:924) - Response: [200] MediaContainer, 486 bytes
2024-11-14 08:00:43,415 (7faffd0b08) :  DEBUG (runtime:1117) - Created a thread named 'ensure_agent_info_exists_inner'
2024-11-14 08:00:43,422 (7faff8ab08) :  DEBUG (runtime:717) - Handling request GET /system/agents
2024-11-14 08:00:43,451 (7faffd0b08) :  DEBUG (runtime:1117) - Created a thread named 'ensure_agent_info_exists_inner'
2024-11-14 08:00:43,518 (7faff8ab08) :  DEBUG (runtime:814) - Found route matching /system/agents
2024-11-14 08:00:43,525 (7faffd0b08) :  DEBUG (runtime:1117) - Created a thread named 'ensure_agent_info_exists_inner'
2024-11-14 08:00:43,531 (7faffd0b08) :  DEBUG (runtime:1117) - Created a thread named 'ensure_agent_info_exists_inner'
2024-11-14 08:00:43,546 (7faffd0b08) :  DEBUG (runtime:1117) - Created a thread named 'ensure_agent_info_exists_inner'
2024-11-14 08:00:43,552 (7faffd0b08) :  DEBUG (runtime:1117) - Created a thread named 'ensure_agent_info_exists_inner'
2024-11-14 08:00:43,560 (7faffd0b08) :  DEBUG (runtime:1117) - Created a thread named 'ensure_agent_info_exists_inner'
2024-11-14 08:00:43,566 (7faffd0b08) :  DEBUG (runtime:1117) - Created a thread named 'ensure_agent_info_exists_inner'
2024-11-14 08:00:43,569 (7faffd0b08) :  INFO (bundleservice:131) - Found duplicate identifier at /usr/lib/plexmediaserver/Resources/Plug-ins-f2c27da23/TheTVDBv4.bundle for bundled plugin (com.plexapp.agents.thetvdb), ignoring duplicate plugin.
2024-11-14 08:00:43,573 (7faffd0b08) :  DEBUG (runtime:1117) - Created a thread named 'ensure_agent_info_exists_inner'
2024-11-14 08:00:43,580 (7faffd0b08) :  DEBUG (runtime:1117) - Created a thread named 'ensure_agent_info_exists_inner'
2024-11-14 08:00:43,601 (7faffd0b08) :  DEBUG (runtime:1117) - Created a thread named 'ensure_agent_info_exists_inner'
2024-11-14 08:00:43,605 (7faffd0b08) :  DEBUG (runtime:1117) - Created a thread named 'remove_unavailable_agents'
2024-11-14 08:00:43,606 (7faffd0b08) :  DEBUG (bundleservice:81) - Started the bundle service
2024-11-14 08:00:43,618 (7faffadb08) :  DEBUG (flagservice:46) - Started the media flag service
2024-11-14 08:00:43,630 (7faff8ab08) :  DEBUG (runtime:1117) - Created a thread named 'ensure_agent_info_exists_inner'
2024-11-14 08:00:43,685 (7faff8ab08) :  DEBUG (runtime:924) - Response: [200] MediaContainer, 8986 bytes
2024-11-14 08:00:43,703 (7faf87bb08) :  DEBUG (runtime:1117) - Created a thread named 'ensure_agent_info_exists_inner'
2024-11-14 08:00:43,712 (7faf9abb08) :  INFO (agentservice:129) - Agent info: {'com.plexapp.agents.fanarttv': [{'media_types': ['Movie'], 'primary_provider': False, 'fallback_agent': None, 'contributes_to': ['com.plexapp.agents.imdb', 'com.plexapp.agents.themoviedb'], 'has_attribution': True, 'languages': ['xn'], 'persist_stored_files': True, 'version': 0, 'accepts_from': None, 'prefs': True, 'name': 'Fanart.tv'}, {'media_types': ['TV_Show'], 'primary_provider': False, 'fallback_agent': None, 'contributes_to': ['com.plexapp.agents.thetvdb', 'com.plexapp.agents.themoviedb'], 'has_attribution': True, 'languages': ['xn'], 'persist_stored_files': True, 'version': 0, 'accepts_from': None, 'prefs': True, 'name': 'Fanart.tv'}, {'media_types': ['Artist'], 'primary_provider': False, 'fallback_agent': None, 'contributes_to': ['com.plexapp.agents.lastfm'], 'has_attribution': True, 'languages': ['xn'], 'persist_stored_files': True, 'version': 0, 'accepts_from': None, 'prefs': True, 'name': 'Fanart.tv'}, {'media_types': ['Album'], 'primary_provider': False, 'fallback_agent': None, 'contributes_to': ['com.plexapp.agents.lastfm'], 'has_attribution': True, 'languages': ['xn'], 'persist_stored_files': True, 'version': 0, 'accepts_from': None, 'prefs': True, 'name': 'Fanart.tv'}], 'com.plexapp.agents.none': [{'media_types': ['Movie'], 'primary_provider': True, 'fallback_agent': None, 'contributes_to': None, 'has_attribution': False, 'languages': ['xn'], 'persist_stored_files': True, 'version': 0, 'accepts_from': None, 'prefs': False, 'name': 'Personal Media'}, {'media_types': ['TV_Show'], 'primary_provider': True, 'fallback_agent': None, 'contributes_to': None, 'has_attribution': False, 'languages': ['xn'], 'persist_stored_files': True, 'version': 0, 'accepts_from': None, 'prefs': False, 'name': 'Personal Media Shows'}, {'media_types': ['Artist'], 'primary_provider': True, 'fallback_agent': None, 'contributes_to': None, 'has_attribution': False, 'languages': ['xn'], 'persist_stored_files': True, 'version': 0, 'accepts_from': None, 'prefs': False, 'name': 'Personal Media Artists'}, {'media_types': ['Album'], 'primary_provider': True, 'fallback_agent': None, 'contributes_to': None, 'has_attribution': False, 'languages': ['xn'], 'persist_stored_files': True, 'version': 0, 'accepts_from': None, 'prefs': False, 'name': 'Personal Media Albums'}, {'media_types': ['Photo'], 'primary_provider': True, 'fallback_agent': None, 'contributes_to': None, 'has_attribution': False, 'languages': ['en', 'ar', 'bg', 'ca', 'cs', 'cy', 'da', 'de', 'el', 'es', 'et', 'fa', 'fi', 'fr', 'he', 'hi', 'hr', 'ht', 'hu', 'id', 'it', 'ja', 'ko', 'lt', 'lv', 'ms', 'mt', 'nl', 'no', 'pl', 'pt', 'ro', 'ru', 'sk', 'sv', 'sl', 'sr', 'th', 'tr', 'uk', 'ur', 'vi', 'zh', 'xn'], 'persist_stored_files': True, 'version': 0, 'accepts_from': None, 'prefs': False, 'name': 'Photos'}], 'com.plexapp.agents.htbackdrops': [{'media_types': ['Artist'], 'primary_provider': False, 'fallback_agent': None, 'contributes_to': ['com.plexapp.agents.lastfm'], 'has_attribution': True, 'languages': ['ab', 'aa', 'af', 'ak', 'sq', 'am', 'ar', 'an', 'hy', 'as', 'av', 'ae', 'ay', 'az', 'bm', 'ba', 'eu', 'be', 'bn', 'bh', 'bi', 'bs', 'pb', 'br', 'bg', 'my', 'ca', 'ch', 'ce', 'ny', 'zh', 'cu', 'cv', 'kw', 'co', 'cr', 'hr', 'cs', 'da', 'dv', 'nl', 'dz', 'en', 'eo', 'et', 'ee', 'fo', 'fj', 'fi', 'fr', 'fy', 'ff', 'gd', 'gl', 'lg', 'ka', 'de', 'el', 'gn', 'gu', 'ht', 'ha', 'he', 'hz', 'hi', 'ho', 'hu', 'is', 'io', 'ig', 'id', 'ia', 'ie', 'iu', 'ik', 'ga', 'it', 'ja', 'jv', 'kl', 'kn', 'kr', 'ks', 'kk', 'km', 'ki', 'rw', 'ky', 'kv', 'kg', 'ko', 'kj', 'ku', 'lo', 'la', 'lv', 'li', 'ln', 'lt', 'lu', 'lb', 'mk', 'mg', 'ms', 'ml', 'mt', 'gv', 'mi', 'mr', 'mh', 'mo', 'mn', 'na', 'nv', 'ng', 'ne', 'xn', 'nd', 'no', 'nb', 'nn', 'oc', 'oj', 'or', 'om', 'os', 'pi', 'pa', 'fa', 'pl', 'pt', 'ps', 'qu', 'rm', 'ro', 'rn', 'ru', 'se', 'sm', 'sg', 'sa', 'sc', 'sr', 'sn', 'ii', 'sd', 'si', 'sk', 'sl', 'so', 'st', 'nr', 'es', 'su', 'sw', 'ss', 'sv', 'tl', 'ty', 'tg', 'ta', 'tt', 'te', 'th', 'bo', 'ti', 'to', 'ts', 'tn', 'tr', 'tk', 'tw', 'ug', 'uk', 'ur', 'uz', 've', 'vi', 'vo', 'wa', 'cy', 'wo', 'xh', 'yi', 'yo', 'za', 'zu'], 'persist_stored_files': True, 'version': 0, 'accepts_from': None, 'prefs': False, 'name': 'Home Theater Backdrops'}], 'com.plexapp.agents.imdb': [{'media_types': ['Movie'], 'accepts_from': ['com.plexapp.agents.localmedia'], 'fallback_agent': None, 'contributes_to': ['com.plexapp.agents.themoviedb'], 'has_attribution': True, 'languages': ['en', 'sv', 'fr', 'es', 'nl', 'de', 'it', 'da', 'ar', 'ca', 'zh', 'cs', 'et', 'fi', 'el', 'he', 'hi', 'hu', 'id', 'ja', 'ko', 'lv', 'no', 'fa', 'pl', 'pt', 'ro', 'ru', 'sk', 'th', 'tr', 'uk', 'vi'], 'persist_stored_files': True, 'version': 0, 'primary_provider': True, 'prefs': True, 'name': 'Plex Movie (Legacy)'}], 'com.plexapp.agents.lyricfind': [{'media_types': ['Album'], 'primary_provider': False, 'fallback_agent': None, 'contributes_to': ['com.plexapp.agents.lastfm', 'tv.plex.agents.music', 'org.musicbrainz.agents.music'], 'has_attribution': True, 'languages': ['xn'], 'persist_stored_files': True, 'version': 0, 'accepts_from': None, 'prefs': False, 'name': 'LyricFind'}], 'com.plexapp.agents.thetvdb': [{'media_types': ['TV_Show'], 'primary_provider': True, 'fallback_agent': None, 'contributes_to': None, 'has_attribution': True, 'languages': ['en', 'fr', 'zh', 'sv', 'no', 'da', 'fi', 'nl', 'de', 'it', 'es', 'pl', 'hu', 'el', 'tr', 'ru', 'he', 'ja', 'pt', 'cs', 'ko', 'sl', 'hr'], 'persist_stored_files': True, 'version': 0, 'accepts_from': None, 'prefs': True, 'name': 'TheTVDB'}], 'com.plexapp.agents.lastfm': [{'media_types': ['Artist'], 'primary_provider': True, 'fallback_agent': None, 'contributes_to': None, 'has_attribution': True, 'languages': ['en', 'sv', 'fr', 'es', 'de', 'pl', 'it', 'pt', 'ja', 'tr', 'ru', 'zh'], 'persist_stored_files': True, 'version': 0, 'accepts_from': None, 'prefs': True, 'name': 'Last.fm'}, {'media_types': ['Album'], 'primary_provider': True, 'fallback_agent': None, 'contributes_to': None, 'has_attribution': True, 'languages': ['en', 'sv', 'fr', 'es', 'de', 'pl', 'it', 'pt', 'ja', 'tr', 'ru', 'zh'], 'persist_stored_files': True, 'version': 0, 'accepts_from': None, 'prefs': True, 'name': 'Last.fm'}], 'org.musicbrainz.agents.music': [{'media_types': ['Artist'], 'primary_provider': True, 'fallback_agent': None, 'contributes_to': None, 'has_attribution': True, 'languages': ['en', 'ar', 'bg', 'zh', 'hr', 'cs', 'da', 'nl', 'fi', 'fr', 'de', 'el', 'hu', 'id', 'it', 'ja', 'ko', 'nn', 'pl', 'pt', 'ro', 'ru', 'sr', 'sk', 'es', 'sv', 'th', 'tr', 'vi', 'xx'], 'persist_stored_files': True, 'version': 0, 'accepts_from': None, 'prefs': True, 'name': 'Musicbrainz'}, {'media_types': ['Album'], 'primary_provider': True, 'fallback_agent': None, 'contributes_to': None, 'has_attribution': True, 'languages': ['en', 'ar', 'bg', 'zh', 'hr', 'cs', 'da', 'nl', 'fi', 'fr', 'de', 'el', 'hu', 'id', 'it', 'ja', 'ko', 'nn', 'pl', 'pt', 'ro', 'ru', 'sr', 'sk', 'es', 'sv', 'th', 'tr', 'vi', 'xx'], 'persist_stored_files': True, 'version': 0, 'accepts_from': None, 'prefs': True, 'name': 'Musicbrainz'}], 'com.plexapp.agents.themoviedb': [{'media_types': ['Movie'], 'primary_provider': True, 'fallback_agent': None, 'contributes_to': None, 'has_attribution': True, 'languages': ['en', 'cs', 'da', 'de', 'el', 'es', 'fi', 'fr', 'he', 'hr', 'hu', 'it', 'lv', 'lt', 'nl', 'no', 'pl', 'pt', 'ru', 'sk', 'sv', 'th', 'tr', 'vi', 'zh', 'ko'], 'persist_stored_files': True, 'version': 0, 'accepts_from': ['com.plexapp.agents.localmedia'], 'prefs': True, 'name': 'The Movie Database'}, {'media_types': ['TV_Show'], 'primary_provider': True, 'fallback_agent': None, 'contributes_to': ['com.plexapp.agents.thetvdb'], 'has_attribution': True, 'languages': ['en', 'cs', 'da', 'de', 'el', 'es', 'fi', 'fr', 'he', 'hr', 'hu', 'it', 'lv', 'lt', 'nl', 'no', 'pl', 'pt', 'ru', 'sk', 'sv', 'th', 'tr', 'vi', 'zh', 'ko'], 'persist_stored_files': True, 'version': 0, 'accepts_from': ['com.plexapp.agents.localmedia', 'com.plexapp.agents.thetvdb'], 'prefs': True, 'name': 'The Movie Database'}], 'com.plexapp.agents.movieposterdb': [{'media_types': ['Movie'], 'primary_provider': False, 'fallback_agent': None, 'contributes_to': ['com.plexapp.agents.imdb'], 'has_attribution': True, 'languages': ['xn'], 'persist_stored_files': True, 'version': 0, 'accepts_from': None, 'prefs': False, 'name': 'CineMaterial'}], 'com.plexapp.agents.localmedia': [{'media_types': ['Movie'], 'primary_provider': False, 'fallback_agent': None, 'contributes_to': ['com.plexapp.agents.imdb', 'com.plexapp.agents.none'], 'has_attribution': False, 'languages': ['xn'], 'persist_stored_files': False, 'version': 0, 'accepts_from': None, 'prefs': True, 'name': 'Local Media Assets (Movies)'}, {'media_types': ['TV_Show'], 'primary_provider': False, 'fallback_agent': None, 'contributes_to': ['com.plexapp.agents.thetvdb', 'com.plexapp.agents.none'], 'has_attribution': False, 'languages': ['xn'], 'persist_stored_files': False, 'version': 0, 'accepts_from': None, 'prefs': True, 'name': 'Local Media Assets (TV)'}, {'media_types': ['Artist'], 'primary_provider': False, 'fallback_agent': None, 'contributes_to': ['com.plexapp.agents.discogs', 'com.plexapp.agents.lastfm', 'com.plexapp.agents.plexmusic', 'com.plexapp.agents.none', 'tv.plex.agents.music', 'org.musicbrainz.agents.music'], 'has_attribution': False, 'languages': ['xn'], 'persist_stored_files': False, 'version': 0, 'accepts_from': None, 'prefs': True, 'name': 'Local Media Assets (Artists)'}, {'media_types': ['Artist'], 'primary_provider': False, 'fallback_agent': None, 'contributes_to': ['com.plexapp.agents.plexmusic'], 'has_attribution': False, 'languages': ['xn'], 'persist_stored_files': False, 'version': 2, 'accepts_from': None, 'prefs': True, 'name': 'Local Media Assets (Artists)'}, {'media_types': ['Album'], 'primary_provider': False, 'fallback_agent': None, 'contributes_to': ['com.plexapp.agents.discogs', 'com.plexapp.agents.lastfm', 'com.plexapp.agents.plexmusic', 'com.plexapp.agents.none', 'tv.plex.agents.music', 'org.musicbrainz.agents.music'], 'has_attribution': False, 'languages': ['xn'], 'persist_stored_files': False, 'version': 0, 'accepts_from': None, 'prefs': True, 'name': 'Local Media Assets (Albums)'}], 'com.plexapp.agents.plexthememusic': [{'media_types': ['TV_Show'], 'primary_provider': False, 'fallback_agent': None, 'contributes_to': ['com.plexapp.agents.thetvdb', 'com.plexapp.agents.thetvdbdvdorder', 'com.plexapp.agents.themoviedb'], 'has_attribution': False, 'languages': ['xn'], 'persist_stored_files': True, 'version': 0, 'accepts_from': None, 'prefs': False, 'name': 'Plex Theme Music'}]}
2024-11-14 08:00:43,756 (7faf9abb08) :  INFO (datakit:131) - Saved the dictionary file
2024-11-14 08:00:48,457 (7faf9abb08) :  DEBUG (runtime:717) - Handling request GET /system/notify/serverUpdated?host=127.0.0.1
2024-11-14 08:00:48,595 (7faf9abb08) :  DEBUG (runtime:814) - Found route matching /system/notify/serverUpdated
2024-11-14 08:00:48,597 (7faf9abb08) :  DEBUG (peerservice:386) - Handling server update notification (127.0.0.1)
2024-11-14 08:00:48,598 (7faf9abb08) :  DEBUG (peerservice:189) - Updating servers (True/False True/True/True)
2024-11-14 08:00:48,599 (7faf9abb08) :  DEBUG (peerservice:164) - Fetching the current list of servers
2024-11-14 08:00:48,602 (7faf9abb08) :  DEBUG (networking:144) - Requesting 'http://127.0.0.1:32400/servers'
2024-11-14 08:00:48,613 (7faf9abb08) :  DEBUG (peerservice:198) - Found 1 servers
2024-11-14 08:00:48,615 (7faf9abb08) :  DEBUG (peerservice:214) - Ignoring fe9e79c742baa9f0ccb0dcfddce46939140831b1 because host != 127.0.0.1 (172.18.0.1)
2024-11-14 08:00:48,620 (7faf9abb08) :  DEBUG (runtime:924) - Response: [200] str, 0 bytes
2024-11-14 08:00:48,625 (7faf9abb08) :  DEBUG (runtime:717) - Handling request GET /system/messaging/clear_events/com.plexapp.agents.imdb
2024-11-14 08:00:48,634 (7faf9abb08) :  DEBUG (runtime:814) - Found route matching /system/messaging/clear_events/com.plexapp.agents.imdb
2024-11-14 08:00:48,639 (7faf9abb08) :  DEBUG (runtime:88) - Sending packed state data (99 bytes)
2024-11-14 08:00:48,640 (7faf9abb08) :  DEBUG (runtime:924) - Response: [200] str, 0 bytes
2024-11-14 08:00:48,688 (7faffc0b08) :  INFO (datakit:131) - Saved the dictionary file
2024-11-14 08:00:49,527 (7faffc0b08) :  DEBUG (runtime:717) - Handling request GET /:/plugins/com.plexapp.system/resourceHashes
2024-11-14 08:00:49,614 (7faffc0b08) :  DEBUG (runtime:814) - Found route matching /:/plugins/com.plexapp.system/resourceHashes
2024-11-14 08:00:49,617 (7faffc0b08) :  DEBUG (networking:144) - Requesting 'http://resources-cdn.plexapp.com/hashes.json'
2024-11-14 08:00:54,629 (7faffc0b08) :  CRITICAL (runtime:1299) - Exception getting hosted resource hashes (most recent call last):
  File "/usr/lib/plexmediaserver/Resources/Plug-ins-f2c27da23/Framework.bundle/Contents/Resources/Versions/2/Python/Framework/components/runtime.py", line 1291, in get_resource_hashes
    json = self._core.networking.http_request("http://resources-cdn.plexapp.com/hashes.json", timeout=5).content
  File "/usr/lib/plexmediaserver/Resources/Plug-ins-f2c27da23/Framework.bundle/Contents/Resources/Versions/2/Python/Framework/components/networking.py", line 243, in content
    return self.__str__()
  File "/usr/lib/plexmediaserver/Resources/Plug-ins-f2c27da23/Framework.bundle/Contents/Resources/Versions/2/Python/Framework/components/networking.py", line 221, in __str__
    self.load()
  File "/usr/lib/plexmediaserver/Resources/Plug-ins-f2c27da23/Framework.bundle/Contents/Resources/Versions/2/Python/Framework/components/networking.py", line 159, in load
    f = self._opener.open(req, timeout=self._timeout)
  File "/usr/lib/plexmediaserver/Resources/Python/python27.zip/urllib2.py", line 429, in open
    response = self._open(req, data)
  File "/usr/lib/plexmediaserver/Resources/Python/python27.zip/urllib2.py", line 447, in _open
    '_open', req)
  File "/usr/lib/plexmediaserver/Resources/Python/python27.zip/urllib2.py", line 407, in _call_chain
    result = func(*args)
  File "/usr/lib/plexmediaserver/Resources/Python/python27.zip/urllib2.py", line 1228, in http_open
    return self.do_open(httplib.HTTPConnection, req)
  File "/usr/lib/plexmediaserver/Resources/Python/python27.zip/urllib2.py", line 1198, in do_open
    raise URLError(err)
URLError: <urlopen error [Errno -3] Try again>

2024-11-14 08:00:54,634 (7faffc0b08) :  DEBUG (runtime:88) - Sending packed state data (99 bytes)
2024-11-14 08:00:54,635 (7faffc0b08) :  DEBUG (runtime:924) - Response: [404] NoneType, 0 bytes
2024-11-14 08:00:54,728 (7faffc0b08) :  DEBUG (runtime:717) - Handling request GET /:/plugins/com.plexapp.system/messaging/function/X0J1bmRsZVNlcnZpY2U6QWxsU2VydmljZXM_/Y2VyZWFsMQoxCmxpc3QKMApyMAo_/Y2VyZWFsMQoxCmRpY3QKMApyMAo_
2024-11-14 08:00:54,733 (7faffc0b08) :  DEBUG (runtime:49) - Received packed state data (80 bytes)
2024-11-14 08:00:54,739 (7faffc0b08) :  DEBUG (runtime:814) - Found route matching /:/plugins/com.plexapp.system/messaging/function/X0J1bmRsZVNlcnZpY2U6QWxsU2VydmljZXM_/Y2VyZWFsMQoxCmxpc3QKMApyMAo_/Y2VyZWFsMQoxCmRpY3QKMApyMAo_
2024-11-14 08:00:54,747 (7faffc0b08) :  DEBUG (runtime:88) - Sending packed state data (99 bytes)
2024-11-14 08:00:54,749 (7faffc0b08) :  DEBUG (runtime:924) - Response: [200] str, 516 bytes
2024-11-14 08:00:59,093 (7faffc0b08) :  DEBUG (runtime:717) - Handling request GET /:/plugins/com.plexapp.system/messaging/function/X0FnZW50U2VydmljZTpVcGRhdGVJbmZv/Y2VyZWFsMQoxCmxpc3QKMApyMAo_/Y2VyZWFsMQo3CmRpY3QKbGlzdApkaWN0Cmxpc3QKbGlzdApsaXN0Cmxpc3QKMgpzMjMKY29tLnBsZXhhcHAuYWdlbnRzLmltZGJzMTAKaWRlbnRpZmllcnIxCnMxMAphZ2VudF9pbmZvMQpyMgoxMApyMwpzMTEKbWVkaWFfdHlwZXNyNApzMTIKYWNjZXB0c19mcm9tbnMxNApmYWxsYmFja19hZ2VudHI1CnMxNApjb250cmlidXRlc190b3I2CnM5Cmxhbmd1YWdlc2IxczIwCnBlcnNpc3Rfc3RvcmVkX2ZpbGVzaTAKczcKdmVyc2lvbmIxczE2CnByaW1hcnlfcHJvdmlkZXJiMXM1CnByZWZzczE5ClBsZXggTW92aWUgKExlZ2FjeSlzNApuYW1lMQpzNQpNb3ZpZTEKczI5CmNvbS5wbGV4YXBwLmFnZW50cy5sb2NhbG1lZGlhMQpzMjkKY29tLnBsZXhhcHAuYWdlbnRzLnRoZW1vdmllZGIzMwpzMgplbnMyCnN2czIKZnJzMgplc3MyCm5sczIKZGVzMgppdHMyCmRhczIKYXJzMgpjYXMyCnpoczIKY3NzMgpldHMyCmZpczIKZWxzMgpoZXMyCmhpczIKaHVzMgppZHMyCmphczIKa29zMgpsdnMyCm5vczIKZmFzMgpwbHMyCnB0czIKcm9zMgpydXMyCnNrczIKdGhzMgp0cnMyCnVrczIKdmlyMAo_
2024-11-14 08:00:59,097 (7faffc0b08) :  DEBUG (runtime:49) - Received packed state data (80 bytes)
2024-11-14 08:00:59,102 (7faffc0b08) :  DEBUG (runtime:814) - Found route matching /:/plugins/com.plexapp.system/messaging/function/X0FnZW50U2VydmljZTpVcGRhdGVJbmZv/Y2VyZWFsMQoxCmxpc3QKMApyMAo_/Y2VyZWFsMQo3CmRpY3QKbGlzdApkaWN0Cmxpc3QKbGlzdApsaXN0Cmxpc3QKMgpzMjMKY29tLnBsZXhhcHAuYWdlbnRzLmltZGJzMTAKaWRlbnRpZmllcnIxCnMxMAphZ2VudF9pbmZvMQpyMgoxMApyMwpzMTEKbWVkaWFfdHlwZXNyNApzMTIKYWNjZXB0c19mcm9tbnMxNApmYWxsYmFja19hZ2VudHI1CnMxNApjb250cmlidXRlc190b3I2CnM5Cmxhbmd1YWdlc2IxczIwCnBlcnNpc3Rfc3RvcmVkX2ZpbGVzaTAKczcKdmVyc2lvbmIxczE2CnByaW1hcnlfcHJvdmlkZXJiMXM1CnByZWZzczE5ClBsZXggTW92aWUgKExlZ2FjeSlzNApuYW1lMQpzNQpNb3ZpZTEKczI5CmNvbS5wbGV4YXBwLmFnZW50cy5sb2NhbG1lZGlhMQpzMjkKY29tLnBsZXhhcHAuYWdlbnRzLnRoZW1vdmllZGIzMwpzMgplbnMyCnN2czIKZnJzMgplc3MyCm5sczIKZGVzMgppdHMyCmRhczIKYXJzMgpjYXMyCnpoczIKY3NzMgpldHMyCmZpczIKZWxzMgpoZXMyCmhpczIKaHVzMgppZHMyCmphczIKa29zMgpsdnMyCm5vczIKZmFzMgpwbHMyCnB0czIKcm9zMgpydXMyCnNrczIKdGhzMgp0cnMyCnVrczIKdmlyMAo_
2024-11-14 08:00:59,105 (7faffc0b08) :  INFO (agentservice:175) - Receiving agent info from com.plexapp.agents.imdb: [{'media_types': ['Movie'], 'primary_provider': True, 'fallback_agent': None, 'contributes_to': ['com.plexapp.agents.themoviedb'], 'languages': ['en', 'sv', 'fr', 'es', 'nl', 'de', 'it', 'da', 'ar', 'ca', 'zh', 'cs', 'et', 'fi', 'el', 'he', 'hi', 'hu', 'id', 'ja', 'ko', 'lv', 'no', 'fa', 'pl', 'pt', 'ro', 'ru', 'sk', 'th', 'tr', 'uk', 'vi'], 'persist_stored_files': True, 'version': 0, 'accepts_from': ['com.plexapp.agents.localmedia'], 'prefs': True, 'name': 'Plex Movie (Legacy)'}]
2024-11-14 08:00:59,112 (7faffc0b08) :  DEBUG (runtime:88) - Sending packed state data (99 bytes)
2024-11-14 08:00:59,113 (7faffc0b08) :  DEBUG (runtime:924) - Response: [200] str, 16 bytes
2024-11-14 08:01:04,143 (7faff99b08) :  INFO (datakit:131) - Saved the dictionary file
2024-11-14 08:02:43,347 (7faff67b08) :  DEBUG (runtime:1156) - Starting timed thread named 'refresh_servers'
2024-11-14 08:02:43,349 (7faff67b08) :  DEBUG (peerservice:164) - Fetching the current list of servers
2024-11-14 08:02:43,351 (7faff67b08) :  DEBUG (networking:144) - Requesting 'http://127.0.0.1:32400/servers'
2024-11-14 08:02:43,366 (7faff67b08) :  DEBUG (peerservice:171) - Refreshing local server
2024-11-14 08:02:43,368 (7faff67b08) :  DEBUG (peerservice:189) - Updating servers (True/False True/True/True)
2024-11-14 08:02:43,370 (7faff67b08) :  DEBUG (peerservice:198) - Found 1 servers
2024-11-14 08:02:43,373 (7faff67b08) :  DEBUG (networking:144) - Requesting 'http://127.0.0.1:32400'
2024-11-14 08:02:43,390 (7faff67b08) :  DEBUG (core:521) - Attribute 'machineIdentifier' set to 'fe9e79c742baa9f0ccb0dcfddce46939140831b1'
2024-11-14 08:02:43,392 (7faff67b08) :  DEBUG (peerservice:230) - Creating new server raspi (fe9e79c742baa9f0ccb0dcfddce46939140831b1)
2024-11-14 08:02:43,398 (7faff67b08) :  DEBUG (networking:144) - Requesting 'http://127.0.0.1:32400/library/sections'
2024-11-14 08:02:43,433 (7faff67b08) :  DEBUG (networking:144) - Requesting 'http://127.0.0.1:32400/channels/all'
2024-11-14 08:02:43,445 (7faf9abb08) :  DEBUG (peerservice:176) - Background-refreshing remote servers
2024-11-14 08:02:43,446 (7faff67b08) :  DEBUG (runtime:1117) - Created a thread named 'background_refresh'
2024-11-14 08:02:43,447 (7faf9abb08) :  DEBUG (peerservice:189) - Updating servers (True/False True/True/True)
2024-11-14 08:02:43,450 (7faf9abb08) :  DEBUG (peerservice:198) - Found 1 servers
2024-11-14 08:02:43,452 (7faf9abb08) :  DEBUG (peerservice:233) - Updating existing server raspi (fe9e79c742baa9f0ccb0dcfddce46939140831b1)
2024-11-14 08:02:43,455 (7faf9abb08) :  DEBUG (networking:144) - Requesting 'http://127.0.0.1:32400/library/sections'
2024-11-14 08:02:43,470 (7faf9abb08) :  DEBUG (networking:144) - Requesting 'http://127.0.0.1:32400/channels/all'
